2019-11-18 15:08:16.339  INFO 6732 --- [restartedMain] com.nt.Proj06CustomerExampleApplication  : Starting Proj06CustomerExampleApplication on DESKTOP-RC5P113 with PID 6732 (started by user in D:\Ashok IT School\SpringBoot-Cloud-MicroServices\Work-Space\Proj_06_CustomerExample)
2019-11-18 15:08:16.339  INFO 6732 --- [restartedMain] com.nt.Proj06CustomerExampleApplication  : The following profiles are active: dev
2019-11-18 15:08:16.803  INFO 6732 --- [restartedMain] .s.d.r.c.RepositoryConfigurationDelegate : Bootstrapping Spring Data repositories in DEFAULT mode.
2019-11-18 15:08:16.817  INFO 6732 --- [restartedMain] .s.d.r.c.RepositoryConfigurationDelegate : Finished Spring Data repository scanning in 13ms. Found 1 repository interfaces.
2019-11-18 15:08:16.921  INFO 6732 --- [restartedMain] trationDelegate$BeanPostProcessorChecker : Bean 'org.springframework.transaction.annotation.ProxyTransactionManagementConfiguration' of type [org.springframework.transaction.annotation.ProxyTransactionManagementConfiguration] is not eligible for getting processed by all BeanPostProcessors (for example: not eligible for auto-proxying)
2019-11-18 15:08:16.986  WARN 6732 --- [restartedMain] org.apache.tomcat.util.modeler.Registry  : The MBean registry cannot be disabled because it has already been initialised
2019-11-18 15:08:17.063  INFO 6732 --- [restartedMain] o.s.b.w.embedded.tomcat.TomcatWebServer  : Tomcat initialized with port(s): 6060 (http)
2019-11-18 15:08:17.064  INFO 6732 --- [restartedMain] o.apache.catalina.core.StandardService   : Starting service [Tomcat]
2019-11-18 15:08:17.064  INFO 6732 --- [restartedMain] org.apache.catalina.core.StandardEngine  : Starting Servlet engine: [Apache Tomcat/9.0.27]
2019-11-18 15:08:17.097  INFO 6732 --- [restartedMain] o.a.c.c.C.[Tomcat].[localhost].[/]       : Initializing Spring embedded WebApplicationContext
2019-11-18 15:08:17.097  INFO 6732 --- [restartedMain] o.s.web.context.ContextLoader            : Root WebApplicationContext: initialization completed in 753 ms
2019-11-18 15:08:17.185  INFO 6732 --- [restartedMain] o.hibernate.jpa.internal.util.LogHelper  : HHH000204: Processing PersistenceUnitInfo [name: default]
2019-11-18 15:08:17.195  INFO 6732 --- [restartedMain] com.zaxxer.hikari.HikariDataSource       : HikariPool-5 - Starting...
2019-11-18 15:08:17.195  WARN 6732 --- [restartedMain] com.zaxxer.hikari.util.DriverDataSource  : Registered driver with driverClassName=oracle.jdbc.driver.OracleDriver was not found, trying direct instantiation.
2019-11-18 15:08:17.218  INFO 6732 --- [restartedMain] com.zaxxer.hikari.pool.PoolBase          : HikariPool-5 - Driver does not support get/set network timeout for connections. (oracle.jdbc.driver.T4CConnection.getNetworkTimeout()I)
2019-11-18 15:08:17.224  INFO 6732 --- [restartedMain] com.zaxxer.hikari.HikariDataSource       : HikariPool-5 - Start completed.
2019-11-18 15:08:17.225  INFO 6732 --- [restartedMain] org.hibernate.dialect.Dialect            : HHH000400: Using dialect: org.hibernate.dialect.Oracle10gDialect
2019-11-18 15:08:17.400  INFO 6732 --- [restartedMain] o.h.e.t.j.p.i.JtaPlatformInitiator       : HHH000490: Using JtaPlatform implementation: [org.hibernate.engine.transaction.jta.platform.internal.NoJtaPlatform]
2019-11-18 15:08:17.400  INFO 6732 --- [restartedMain] j.LocalContainerEntityManagerFactoryBean : Initialized JPA EntityManagerFactory for persistence unit 'default'
2019-11-18 15:08:17.427  INFO 6732 --- [restartedMain] o.s.b.d.a.OptionalLiveReloadServer       : LiveReload server is running on port 35729
2019-11-18 15:08:17.432  INFO 6732 --- [restartedMain] c.nt.controller.CustomerRestController   : CustomerRestController-Instantiated
2019-11-18 15:08:17.434  INFO 6732 --- [restartedMain] com.nt.service.CustomerServiceImpl       : CustomerServiceImpl:instantiated
2019-11-18 15:08:17.718  WARN 6732 --- [restartedMain] JpaBaseConfiguration$JpaWebConfiguration : spring.jpa.open-in-view is enabled by default. Therefore, database queries may be performed during view rendering. Explicitly configure spring.jpa.open-in-view to disable this warning
2019-11-18 15:08:17.805  INFO 6732 --- [restartedMain] pertySourcedRequestMappingHandlerMapping : Mapped URL path [/v2/api-docs] onto method [springfox.documentation.swagger2.web.Swagger2Controller#getDocumentation(String, HttpServletRequest)]
2019-11-18 15:08:17.909  INFO 6732 --- [restartedMain] o.s.s.concurrent.ThreadPoolTaskExecutor  : Initializing ExecutorService 'applicationTaskExecutor'
2019-11-18 15:08:18.032  INFO 6732 --- [restartedMain] d.s.w.p.DocumentationPluginsBootstrapper : Context refreshed
2019-11-18 15:08:18.033  INFO 6732 --- [restartedMain] d.s.w.p.DocumentationPluginsBootstrapper : Found 1 custom documentation plugin(s)
2019-11-18 15:08:18.039  INFO 6732 --- [restartedMain] s.d.s.w.s.ApiListingReferenceScanner     : Scanning for api listing references
2019-11-18 15:08:18.078  INFO 6732 --- [restartedMain] o.s.b.w.embedded.tomcat.TomcatWebServer  : Tomcat started on port(s): 6060 (http) with context path ''
2019-11-18 15:08:18.079  INFO 6732 --- [restartedMain] com.nt.Proj06CustomerExampleApplication  : Started Proj06CustomerExampleApplication in 1.782 seconds (JVM running for 1758.902)
2019-11-18 15:08:18.081  INFO 6732 --- [restartedMain] .ConditionEvaluationDeltaLoggingListener : Condition evaluation unchanged
2019-11-18 15:59:31.896  INFO 6732 --- [RMI TCP Connection(73)-127.0.0.1] inMXBeanRegistrar$SpringApplicationAdmin : Application shutdown requested.
2019-11-18 15:59:31.889  INFO 6732 --- [RMI TCP Connection(72)-127.0.0.1] inMXBeanRegistrar$SpringApplicationAdmin : Application shutdown requested.
2019-11-18 15:59:31.942  INFO 6732 --- [RMI TCP Connection(73)-127.0.0.1] o.s.s.concurrent.ThreadPoolTaskExecutor  : Shutting down ExecutorService 'applicationTaskExecutor'
2019-11-18 15:59:31.947  INFO 6732 --- [RMI TCP Connection(73)-127.0.0.1] j.LocalContainerEntityManagerFactoryBean : Closing JPA EntityManagerFactory for persistence unit 'default'
2019-11-18 15:59:31.967  INFO 6732 --- [RMI TCP Connection(73)-127.0.0.1] com.zaxxer.hikari.HikariDataSource       : HikariPool-5 - Shutdown initiated...
2019-11-18 15:59:32.111  INFO 6732 --- [RMI TCP Connection(73)-127.0.0.1] com.zaxxer.hikari.HikariDataSource       : HikariPool-5 - Shutdown completed.
